<?xml version="1.0" encoding="UTF-8"?>
<testng-results ignored="0" total="1" passed="1" failed="0" skipped="0">
  <reporter-output>
  </reporter-output>
  <suite started-at="2023-01-31T00:43:04 EST" name="Default suite" finished-at="2023-01-31T00:43:23 EST" duration-ms="18827">
    <groups>
    </groups>
    <test started-at="2023-01-31T00:43:04 EST" name="Default test" finished-at="2023-01-31T00:43:23 EST" duration-ms="18827">
      <class name="SeleniumPractice.Utilities.PageScreenShot">
        <test-method is-config="true" signature="OpenBrowser()[pri:0, instance:SeleniumPractice.Utilities.PageScreenShot@4cc451f2]" started-at="2023-01-31T00:43:04 EST" name="OpenBrowser" finished-at="2023-01-31T00:43:10 EST" duration-ms="6124" status="PASS">
          <reporter-output>
          </reporter-output>
        </test-method> <!-- OpenBrowser -->
        <test-method signature="TakeScreenShot()[pri:0, instance:SeleniumPractice.Utilities.PageScreenShot@4cc451f2]" started-at="2023-01-31T00:43:10 EST" name="TakeScreenShot" finished-at="2023-01-31T00:43:22 EST" duration-ms="12145" status="PASS">
          <reporter-output>
          </reporter-output>
        </test-method> <!-- TakeScreenShot -->
        <test-method is-config="true" signature="CloseBrowser()[pri:0, instance:SeleniumPractice.Utilities.PageScreenShot@4cc451f2]" started-at="2023-01-31T00:43:22 EST" name="CloseBrowser" finished-at="2023-01-31T00:43:23 EST" duration-ms="414" status="PASS">
          <reporter-output>
          </reporter-output>
        </test-method> <!-- CloseBrowser -->
      </class> <!-- SeleniumPractice.Utilities.PageScreenShot -->
    </test> <!-- Default test -->
  </suite> <!-- Default suite -->
</testng-results>
